<?xml version="1.0" encoding="UTF-8"?>
<!-- Generated by org.testng.reporters.JUnitXMLReporter -->
<testsuite ignored="0" hostname="Ayazs-MacBook-Air.local" failures="0" tests="1" name="First Test" time="0.052" errors="0" timestamp="2022-07-30T20:43:20 IST">
  <testcase classname="base.TestBase" name="@BeforeTest initialize" time="0.03">
    <failure type="java.lang.IllegalStateException" message="The driver executable must exist: /Users/mr.a2z/Ayazworkspace/PageObjectModel/src/drivers/chromedriver/chromedriver">
      <![CDATA[java.lang.IllegalStateException: The driver executable must exist: /Users/mr.a2z/Ayazworkspace/PageObjectModel/src/drivers/chromedriver/chromedriver
at org.openqa.selenium.internal.Require$FileStateChecker.isFile(Require.java:342)
at org.openqa.selenium.remote.service.DriverService.checkExecutable(DriverService.java:147)
at org.openqa.selenium.remote.service.DriverService.findExecutable(DriverService.java:142)
at org.openqa.selenium.chrome.ChromeDriverService.access$000(ChromeDriverService.java:38)
at org.openqa.selenium.chrome.ChromeDriverService$Builder.findDefaultExecutable(ChromeDriverService.java:231)
at org.openqa.selenium.remote.service.DriverService$Builder.build(DriverService.java:437)
at org.openqa.selenium.chrome.ChromeDriverService.createDefaultService(ChromeDriverService.java:127)
at org.openqa.selenium.chrome.ChromeDriver.<init>(ChromeDriver.java:48)
at base.TestBase.initialize(TestBase.java:22)
... Removed 24 stack frames]]>
    </failure>
  </testcase> <!-- @BeforeTest initialize -->
  <testcase classname="base.TestBase" name="@AfterTest TeardownTest" time="-1.659194000838E9">
    <skipped/>
  </testcase> <!-- @AfterTest TeardownTest -->
  <testcase classname="testcases.TC_001_RegisterAccount" name="TC_001_RegisterAccount" time="0.0">
    <skipped/>
  </testcase> <!-- TC_001_RegisterAccount -->
</testsuite> <!-- First Test -->
