<?xml version="1.0" encoding="UTF-8"?>
<!-- Generated by org.testng.reporters.JUnitXMLReporter -->
<testsuite ignored="0" hostname="Ayazs-MacBook-Air.local" failures="0" tests="1" name="TC_001" time="5.301" errors="0" timestamp="2023-04-25T17:32:42 IST">
  <testcase classname="base.TestBase" name="@BeforeTest initialize" time="5.278">
    <failure type="org.openqa.selenium.remote.http.ConnectionFailedException" message="Unable to establish websocket connection to http://localhost:60407/devtools/browser/f766f0f4-16a9-49e8-bdc3-6805f30ac0e1
Build info: version: &amp;apos;4.2.2&amp;apos;, revision: &amp;apos;683ccb65d6&amp;apos;
System info: host: &amp;apos;Ayazs-MacBook-Air.local&amp;apos;, ip: &amp;apos;2409:4063:4b9e:d065:ed6d:6318:113f:c6f0%en0&amp;apos;, os.name: &amp;apos;Mac OS X&amp;apos;, os.arch: &amp;apos;aarch64&amp;apos;, os.version: &amp;apos;13.2.1&amp;apos;, java.version: &amp;apos;17.0.3&amp;apos;
Driver info: driver.version: ChromeDriver">
      <![CDATA[org.openqa.selenium.remote.http.ConnectionFailedException: Unable to establish websocket connection to http://localhost:60407/devtools/browser/f766f0f4-16a9-49e8-bdc3-6805f30ac0e1
Build info: version: '4.2.2', revision: '683ccb65d6'
System info: host: 'Ayazs-MacBook-Air.local', ip: '2409:4063:4b9e:d065:ed6d:6318:113f:c6f0%en0', os.name: 'Mac OS X', os.arch: 'aarch64', os.version: '13.2.1', java.version: '17.0.3'
Driver info: driver.version: ChromeDriver
at org.openqa.selenium.remote.http.netty.NettyWebSocket.<init>(NettyWebSocket.java:102)
at org.openqa.selenium.remote.http.netty.NettyWebSocket.lambda$create$3(NettyWebSocket.java:128)
at org.openqa.selenium.remote.http.netty.NettyClient.openSocket(NettyClient.java:106)
at org.openqa.selenium.devtools.Connection.<init>(Connection.java:77)
at org.openqa.selenium.chromium.ChromiumDriver.lambda$new$2(ChromiumDriver.java:122)
at java.base/java.util.Optional.map(Optional.java:260)
at org.openqa.selenium.chromium.ChromiumDriver.<init>(ChromiumDriver.java:120)
at org.openqa.selenium.chrome.ChromeDriver.<init>(ChromeDriver.java:106)
at org.openqa.selenium.chrome.ChromeDriver.<init>(ChromeDriver.java:93)
at org.openqa.selenium.chrome.ChromeDriver.<init>(ChromeDriver.java:48)
at base.TestBase.initialize(TestBase.java:25)
... Removed 24 stack frames]]>
    </failure>
  </testcase> <!-- @BeforeTest initialize -->
  <testcase classname="base.TestBase" name="@AfterTest TeardownTest" time="-1.682424162932E9">
    <skipped/>
  </testcase> <!-- @AfterTest TeardownTest -->
  <testcase classname="testcases.TC_001_RegisterAccount" name="TC_001_RegisterAccount" time="0.0">
    <skipped/>
  </testcase> <!-- TC_001_RegisterAccount -->
</testsuite> <!-- TC_001 -->
